  [1m[35m (1097.1ms)[0m  [1m[35mCREATE DATABASE "reddit_clone_development" ENCODING = 'unicode'[0m
  [1m[35m (1059.5ms)[0m  [1m[35mCREATE DATABASE "reddit_clone_test" ENCODING = 'unicode'[0m
  [1m[35m (10.2ms)[0m  [1m[35mCREATE TABLE "schema_migrations" ("version" character varying NOT NULL PRIMARY KEY)[0m
  [1m[35m (8.9ms)[0m  [1m[35mCREATE TABLE "ar_internal_metadata" ("key" character varying NOT NULL PRIMARY KEY, "value" character varying, "created_at" timestamp(6) NOT NULL, "updated_at" timestamp(6) NOT NULL)[0m
  [1m[35m (0.1ms)[0m  [1m[34mSELECT pg_try_advisory_lock(688274183373989625)[0m
  [1m[36mActiveRecord::SchemaMigration Pluck (0.2ms)[0m  [1m[34mSELECT "schema_migrations"."version" FROM "schema_migrations" ORDER BY "schema_migrations"."version" ASC[0m
Migrating to CreateUsers (20230224153834)
  [1m[36mTRANSACTION (0.1ms)[0m  [1m[35mBEGIN[0m
  [1m[35m (7.3ms)[0m  [1m[35mCREATE TABLE "users" ("id" bigserial primary key, "username" character varying NOT NULL, "password_digest" character varying NOT NULL, "session_token" character varying NOT NULL, "created_at" timestamp(6) NOT NULL, "updated_at" timestamp(6) NOT NULL)[0m
  [1m[35m (3.6ms)[0m  [1m[35mCREATE UNIQUE INDEX "index_users_on_session_token" ON "users" ("session_token")[0m
  [1m[35m (2.9ms)[0m  [1m[35mCREATE UNIQUE INDEX "index_users_on_username" ON "users" ("username")[0m
  [1m[36mActiveRecord::SchemaMigration Create (0.6ms)[0m  [1m[32mINSERT INTO "schema_migrations" ("version") VALUES ($1) RETURNING "version"[0m  [["version", "20230224153834"]]
  [1m[36mTRANSACTION (2.4ms)[0m  [1m[35mCOMMIT[0m
  [1m[36mActiveRecord::InternalMetadata Load (0.2ms)[0m  [1m[34mSELECT "ar_internal_metadata".* FROM "ar_internal_metadata" WHERE "ar_internal_metadata"."key" = $1 LIMIT $2[0m  [["key", "environment"], ["LIMIT", 1]]
  [1m[36mTRANSACTION (0.1ms)[0m  [1m[35mBEGIN[0m
  [1m[36mActiveRecord::InternalMetadata Create (0.4ms)[0m  [1m[32mINSERT INTO "ar_internal_metadata" ("key", "value", "created_at", "updated_at") VALUES ($1, $2, $3, $4) RETURNING "key"[0m  [["key", "environment"], ["value", "development"], ["created_at", "2023-02-24 15:40:38.840845"], ["updated_at", "2023-02-24 15:40:38.840845"]]
  [1m[36mTRANSACTION (2.0ms)[0m  [1m[35mCOMMIT[0m
  [1m[35m (0.2ms)[0m  [1m[34mSELECT pg_advisory_unlock(688274183373989625)[0m
  [1m[36mActiveRecord::SchemaMigration Pluck (0.4ms)[0m  [1m[34mSELECT "schema_migrations"."version" FROM "schema_migrations" ORDER BY "schema_migrations"."version" ASC[0m
Started GET "/" for ::1 at 2023-02-24 13:41:30 -0500
  [1m[36mActiveRecord::SchemaMigration Pluck (0.3ms)[0m  [1m[34mSELECT "schema_migrations"."version" FROM "schema_migrations" ORDER BY "schema_migrations"."version" ASC[0m
Processing by Rails::WelcomeController#index as HTML
  Rendering /home/wtdavis/.rbenv/versions/3.1.1/lib/ruby/gems/3.1.0/gems/railties-7.0.4.2/lib/rails/templates/rails/welcome/index.html.erb
  Rendered /home/wtdavis/.rbenv/versions/3.1.1/lib/ruby/gems/3.1.0/gems/railties-7.0.4.2/lib/rails/templates/rails/welcome/index.html.erb (Duration: 1.1ms | Allocations: 526)
Completed 200 OK in 6ms (Views: 3.1ms | ActiveRecord: 0.0ms | Allocations: 2804)


Started GET "/users" for ::1 at 2023-02-24 13:41:33 -0500
Processing by UsersController#index as HTML
Completed 500 Internal Server Error in 1ms (ActiveRecord: 0.0ms | Allocations: 775)



SyntaxError - syntax error, unexpected ':', expecting `end'
...es :password_digest, :presence: true
...                              ^:
  app/models/user.rb:3:in `'
  app/controllers/users_controller.rb:4:in `index'

Started POST "/__better_errors/222bfd8b24b1f731/variables" for ::1 at 2023-02-24 13:41:34 -0500
Started POST "/__better_errors/222bfd8b24b1f731/variables" for ::1 at 2023-02-24 13:42:13 -0500
Started GET "/users" for ::1 at 2023-02-24 13:42:17 -0500
Processing by UsersController#index as HTML
  Rendering layout layouts/application.html.erb
  Rendering users/index.html.erb within layouts/application
  [1m[36mUser Load (0.4ms)[0m  [1m[34mSELECT "users".* FROM "users"[0m
  ↳ app/views/users/index.html.erb:5
  Rendered users/index.html.erb within layouts/application (Duration: 1.6ms | Allocations: 978)
  Rendered layout layouts/application.html.erb (Duration: 9.6ms | Allocations: 7464)
Completed 200 OK in 17ms (Views: 15.2ms | ActiveRecord: 0.4ms | Allocations: 9301)


Started GET "/users" for ::1 at 2023-02-24 13:48:11 -0500
Processing by UsersController#index as HTML
  Rendering layout layouts/application.html.erb
  Rendering users/index.html.erb within layouts/application
  [1m[36mUser Load (0.2ms)[0m  [1m[34mSELECT "users".* FROM "users"[0m
  ↳ app/views/users/index.html.erb:5
  Rendered users/index.html.erb within layouts/application (Duration: 7.6ms | Allocations: 3837)
  Rendered layout layouts/application.html.erb (Duration: 10.4ms | Allocations: 6234)
Completed 500 Internal Server Error in 13ms (ActiveRecord: 2.4ms | Allocations: 7956)



ActionView::SyntaxErrorInTemplate - Encountered a syntax error while rendering template: check <!DOCTYPE html>
<html>
  <head>
    <title>RedditClone</title>
    <meta name="viewport" content="width=device-width,initial-scale=1">
    <%= csrf_meta_tags %>
    <%= csp_meta_tag %>
    <%= stylesheet_link_tag "application" %>
  </head>
  <body>
  <header>
    <h1>Cleddit</h1>
    <% if logged_in?%>
    <form action="<%= session_url%>" method="POST">
    <input type="hidden" name="_method" method="DELETE">
    <input type="submit" value="Logout">
    </form>
    <%= yield %>
  </body>
</html>:
  app/controllers/users_controller.rb:5:in `index'

Started POST "/__better_errors/64e9f854c2ae8abd/variables" for ::1 at 2023-02-24 13:48:11 -0500
Started GET "/users" for ::1 at 2023-02-24 13:49:03 -0500
Processing by UsersController#index as HTML
  Rendering layout layouts/application.html.erb
  Rendering users/index.html.erb within layouts/application
  [1m[36mUser Load (0.2ms)[0m  [1m[34mSELECT "users".* FROM "users"[0m
  ↳ app/views/users/index.html.erb:5
  Rendered users/index.html.erb within layouts/application (Duration: 2.3ms | Allocations: 831)
  Rendered layout layouts/application.html.erb (Duration: 3.4ms | Allocations: 2484)
Completed 500 Internal Server Error in 6ms (ActiveRecord: 0.2ms | Allocations: 3189)



ActionView::SyntaxErrorInTemplate - Encountered a syntax error while rendering template: check <!DOCTYPE html>
<html>
  <head>
    <title>RedditClone</title>
    <meta name="viewport" content="width=device-width,initial-scale=1">
    <%= csrf_meta_tags %>
    <%= csp_meta_tag %>
    <%= stylesheet_link_tag "application" %>
  </head>
  <body>
  <header>
    <h1>Cleddit</h1>
    <% if logged_in?%>
    <form action="<%= session_url%>" method="POST">
    <input type="hidden" name="_method" method="DELETE">
    <input type="submit" value="Logout">
    </form>
    </header>
    <%= yield %>
  </body>
</html>:
  app/controllers/users_controller.rb:5:in `index'

Started POST "/__better_errors/e43779fe039eb9d0/variables" for ::1 at 2023-02-24 13:49:03 -0500
Started GET "/users" for ::1 at 2023-02-24 13:49:03 -0500
Processing by UsersController#index as HTML
  Rendering layout layouts/application.html.erb
  Rendering users/index.html.erb within layouts/application
  [1m[36mUser Load (0.3ms)[0m  [1m[34mSELECT "users".* FROM "users"[0m
  ↳ app/views/users/index.html.erb:5
  Rendered users/index.html.erb within layouts/application (Duration: 1.4ms | Allocations: 628)
  Rendered layout layouts/application.html.erb (Duration: 2.9ms | Allocations: 2288)
Completed 500 Internal Server Error in 4ms (ActiveRecord: 0.3ms | Allocations: 2547)



ActionView::SyntaxErrorInTemplate - Encountered a syntax error while rendering template: check <!DOCTYPE html>
<html>
  <head>
    <title>RedditClone</title>
    <meta name="viewport" content="width=device-width,initial-scale=1">
    <%= csrf_meta_tags %>
    <%= csp_meta_tag %>
    <%= stylesheet_link_tag "application" %>
  </head>
  <body>
  <header>
    <h1>Cleddit</h1>
    <% if logged_in?%>
    <form action="<%= session_url%>" method="POST">
    <input type="hidden" name="_method" method="DELETE">
    <input type="submit" value="Logout">
    </form>
    </header>
    <%= yield %>
  </body>
</html>:
  app/controllers/users_controller.rb:5:in `index'

Started POST "/__better_errors/7da6dde2282b1453/variables" for ::1 at 2023-02-24 13:49:03 -0500
Started GET "/users" for ::1 at 2023-02-24 13:49:30 -0500
Processing by UsersController#index as HTML
  Rendering layout layouts/application.html.erb
  Rendering users/index.html.erb within layouts/application
  [1m[36mUser Load (0.2ms)[0m  [1m[34mSELECT "users".* FROM "users"[0m
  ↳ app/views/users/index.html.erb:5
  Rendered users/index.html.erb within layouts/application (Duration: 1.2ms | Allocations: 619)
  Rendered layout layouts/application.html.erb (Duration: 2.0ms | Allocations: 2274)
Completed 500 Internal Server Error in 3ms (ActiveRecord: 0.2ms | Allocations: 2523)



ActionView::SyntaxErrorInTemplate - Encountered a syntax error while rendering template: check <!DOCTYPE html>
<html>
  <head>
    <title>RedditClone</title>
    <meta name="viewport" content="width=device-width,initial-scale=1">
    <%= csrf_meta_tags %>
    <%= csp_meta_tag %>
    <%= stylesheet_link_tag "application" %>
  </head>
  <body>
  <header>
    <h1>Cleddit</h1>
    <% if logged_in?%>
    <form action="<%= session_url%>" method="POST">
    <input type="hidden" name="_method" method="DELETE">
    <input type="submit" value="Logout">
    </form>
    </header>
    <%= yield %>
  </body>
</html>:
  app/controllers/users_controller.rb:5:in `index'

Started POST "/__better_errors/506cff8db51a39e1/variables" for ::1 at 2023-02-24 13:49:30 -0500
Started GET "/users" for ::1 at 2023-02-24 13:50:01 -0500
Processing by UsersController#index as HTML
  Rendering layout layouts/application.html.erb
  Rendering users/index.html.erb within layouts/application
  [1m[36mUser Load (0.2ms)[0m  [1m[34mSELECT "users".* FROM "users"[0m
  ↳ app/views/users/index.html.erb:4
  Rendered users/index.html.erb within layouts/application (Duration: 2.1ms | Allocations: 817)
  Rendered layout layouts/application.html.erb (Duration: 3.5ms | Allocations: 2468)
Completed 500 Internal Server Error in 6ms (ActiveRecord: 0.2ms | Allocations: 3160)



ActionView::SyntaxErrorInTemplate - Encountered a syntax error while rendering template: check <!DOCTYPE html>
<html>
  <head>
    <title>RedditClone</title>
    <meta name="viewport" content="width=device-width,initial-scale=1">
    <%= csrf_meta_tags %>
    <%= csp_meta_tag %>
    <%= stylesheet_link_tag "application" %>
  </head>
  <body>
  <header>
    <h1>Cleddit</h1>
    <% if logged_in?%>
    <form action="<%= session_url%>" method="POST">
    <input type="hidden" name="_method" method="DELETE">
    <input type="submit" value="Logout">
    </form>
    </header>
    <%= yield %>
  </body>
</html>:
  app/controllers/users_controller.rb:5:in `index'

Started POST "/__better_errors/41c5be697143084a/variables" for ::1 at 2023-02-24 13:50:01 -0500
Started GET "/users" for ::1 at 2023-02-24 13:50:01 -0500
Processing by UsersController#index as HTML
  Rendering layout layouts/application.html.erb
  Rendering users/index.html.erb within layouts/application
  [1m[36mUser Load (0.5ms)[0m  [1m[34mSELECT "users".* FROM "users"[0m
  ↳ app/views/users/index.html.erb:4
  Rendered users/index.html.erb within layouts/application (Duration: 1.9ms | Allocations: 619)
  Rendered layout layouts/application.html.erb (Duration: 2.6ms | Allocations: 2276)
Completed 500 Internal Server Error in 3ms (ActiveRecord: 0.5ms | Allocations: 2526)



ActionView::SyntaxErrorInTemplate - Encountered a syntax error while rendering template: check <!DOCTYPE html>
<html>
  <head>
    <title>RedditClone</title>
    <meta name="viewport" content="width=device-width,initial-scale=1">
    <%= csrf_meta_tags %>
    <%= csp_meta_tag %>
    <%= stylesheet_link_tag "application" %>
  </head>
  <body>
  <header>
    <h1>Cleddit</h1>
    <% if logged_in?%>
    <form action="<%= session_url%>" method="POST">
    <input type="hidden" name="_method" method="DELETE">
    <input type="submit" value="Logout">
    </form>
    </header>
    <%= yield %>
  </body>
</html>:
  app/controllers/users_controller.rb:5:in `index'

Started POST "/__better_errors/044b3442758f25af/variables" for ::1 at 2023-02-24 13:50:02 -0500
Started GET "/users" for ::1 at 2023-02-24 13:50:02 -0500
Processing by UsersController#index as HTML
  Rendering layout layouts/application.html.erb
  Rendering users/index.html.erb within layouts/application
  [1m[36mUser Load (0.3ms)[0m  [1m[34mSELECT "users".* FROM "users"[0m
  ↳ app/views/users/index.html.erb:4
  Rendered users/index.html.erb within layouts/application (Duration: 2.0ms | Allocations: 619)
  Rendered layout layouts/application.html.erb (Duration: 3.0ms | Allocations: 2276)
Completed 500 Internal Server Error in 4ms (ActiveRecord: 0.3ms | Allocations: 2525)



ActionView::SyntaxErrorInTemplate - Encountered a syntax error while rendering template: check <!DOCTYPE html>
<html>
  <head>
    <title>RedditClone</title>
    <meta name="viewport" content="width=device-width,initial-scale=1">
    <%= csrf_meta_tags %>
    <%= csp_meta_tag %>
    <%= stylesheet_link_tag "application" %>
  </head>
  <body>
  <header>
    <h1>Cleddit</h1>
    <% if logged_in?%>
    <form action="<%= session_url%>" method="POST">
    <input type="hidden" name="_method" method="DELETE">
    <input type="submit" value="Logout">
    </form>
    </header>
    <%= yield %>
  </body>
</html>:
  app/controllers/users_controller.rb:5:in `index'

Started POST "/__better_errors/917da278ce0b60ae/variables" for ::1 at 2023-02-24 13:50:02 -0500
Started GET "/users" for ::1 at 2023-02-24 13:50:03 -0500
Processing by UsersController#index as HTML
  Rendering layout layouts/application.html.erb
  Rendering users/index.html.erb within layouts/application
  [1m[36mUser Load (0.2ms)[0m  [1m[34mSELECT "users".* FROM "users"[0m
  ↳ app/views/users/index.html.erb:4
  Rendered users/index.html.erb within layouts/application (Duration: 1.5ms | Allocations: 628)
  Rendered layout layouts/application.html.erb (Duration: 2.5ms | Allocations: 2290)
Completed 500 Internal Server Error in 3ms (ActiveRecord: 0.2ms | Allocations: 2549)



ActionView::SyntaxErrorInTemplate - Encountered a syntax error while rendering template: check <!DOCTYPE html>
<html>
  <head>
    <title>RedditClone</title>
    <meta name="viewport" content="width=device-width,initial-scale=1">
    <%= csrf_meta_tags %>
    <%= csp_meta_tag %>
    <%= stylesheet_link_tag "application" %>
  </head>
  <body>
  <header>
    <h1>Cleddit</h1>
    <% if logged_in?%>
    <form action="<%= session_url%>" method="POST">
    <input type="hidden" name="_method" method="DELETE">
    <input type="submit" value="Logout">
    </form>
    </header>
    <%= yield %>
  </body>
</html>:
  app/controllers/users_controller.rb:5:in `index'

Started POST "/__better_errors/46cffd780439550b/variables" for ::1 at 2023-02-24 13:50:03 -0500
Started GET "/users" for ::1 at 2023-02-24 13:50:34 -0500
Processing by UsersController#index as HTML
  Rendering layout layouts/application.html.erb
  Rendering users/index.html.erb within layouts/application
  [1m[36mUser Load (0.2ms)[0m  [1m[34mSELECT "users".* FROM "users"[0m
  ↳ app/views/users/index.html.erb:4
  Rendered users/index.html.erb within layouts/application (Duration: 2.3ms | Allocations: 817)
  [1m[36mUser Load (0.2ms)[0m  [1m[34mSELECT "users".* FROM "users" WHERE "users"."session_token" IS NULL LIMIT $1[0m  [["LIMIT", 1]]
  ↳ app/controllers/application_controller.rb:5:in `current_user'
  Rendered layout layouts/application.html.erb (Duration: 11.7ms | Allocations: 5468)
Completed 200 OK in 14ms (Views: 11.4ms | ActiveRecord: 2.4ms | Allocations: 6209)


Started GET "/users" for ::1 at 2023-02-24 13:55:11 -0500
Processing by UsersController#index as HTML
  Rendering layout layouts/application.html.erb
  Rendering users/index.html.erb within layouts/application
  [1m[36mUser Load (0.2ms)[0m  [1m[34mSELECT "users".* FROM "users"[0m
  ↳ app/views/users/index.html.erb:4
  Rendered users/index.html.erb within layouts/application (Duration: 2.2ms | Allocations: 817)
  [1m[36mUser Load (0.2ms)[0m  [1m[34mSELECT "users".* FROM "users" WHERE "users"."session_token" IS NULL LIMIT $1[0m  [["LIMIT", 1]]
  ↳ app/controllers/application_controller.rb:5:in `current_user'
  Rendered layout layouts/application.html.erb (Duration: 7.1ms | Allocations: 3268)
Completed 200 OK in 9ms (Views: 8.3ms | ActiveRecord: 0.4ms | Allocations: 3984)


Started GET "/users" for ::1 at 2023-02-24 13:55:13 -0500
Processing by UsersController#index as HTML
  Rendering layout layouts/application.html.erb
  Rendering users/index.html.erb within layouts/application
  [1m[36mUser Load (0.4ms)[0m  [1m[34mSELECT "users".* FROM "users"[0m
  ↳ app/views/users/index.html.erb:4
  Rendered users/index.html.erb within layouts/application (Duration: 2.3ms | Allocations: 549)
  [1m[36mUser Load (0.2ms)[0m  [1m[34mSELECT "users".* FROM "users" WHERE "users"."session_token" IS NULL LIMIT $1[0m  [["LIMIT", 1]]
  ↳ app/controllers/application_controller.rb:5:in `current_user'
  Rendered layout layouts/application.html.erb (Duration: 5.7ms | Allocations: 2369)
Completed 200 OK in 7ms (Views: 5.8ms | ActiveRecord: 0.5ms | Allocations: 2604)


Started GET "/users" for ::1 at 2023-02-24 13:55:13 -0500
Processing by UsersController#index as HTML
  Rendering layout layouts/application.html.erb
  Rendering users/index.html.erb within layouts/application
  [1m[36mUser Load (0.4ms)[0m  [1m[34mSELECT "users".* FROM "users"[0m
  ↳ app/views/users/index.html.erb:4
  Rendered users/index.html.erb within layouts/application (Duration: 1.7ms | Allocations: 549)
  [1m[36mUser Load (0.1ms)[0m  [1m[34mSELECT "users".* FROM "users" WHERE "users"."session_token" IS NULL LIMIT $1[0m  [["LIMIT", 1]]
  ↳ app/controllers/application_controller.rb:5:in `current_user'
  Rendered layout layouts/application.html.erb (Duration: 3.9ms | Allocations: 2372)
Completed 200 OK in 5ms (Views: 3.8ms | ActiveRecord: 0.5ms | Allocations: 2588)


Started GET "/session/new" for ::1 at 2023-02-24 13:58:02 -0500

ActiveRecord::ConnectionNotEstablished - could not connect to server: No such file or directory
	Is the server running locally and accepting
	connections on Unix domain socket "/var/run/postgresql/.s.PGSQL.5432"?:

Started GET "/users" for ::1 at 2023-02-24 13:58:07 -0500

ActiveRecord::ConnectionNotEstablished - could not connect to server: No such file or directory
	Is the server running locally and accepting
	connections on Unix domain socket "/var/run/postgresql/.s.PGSQL.5432"?:

Started POST "/__better_errors/5297db31713208b7/variables" for ::1 at 2023-02-24 13:58:07 -0500
Started GET "/users" for ::1 at 2023-02-24 13:58:39 -0500

ActiveRecord::NoDatabaseError - We could not find your database: reddit_clone_development. Which can be found in the database configuration file located at config/database.yml.
To resolve this issue:
- Did you create the database for this app, or delete it? You may need to create your database.
- Has the database name changed? Check your database.yml config has the correct database name.
To create your database, run:
        bin/rails db:create:

Started POST "/__better_errors/24e2f6d5807c1afd/variables" for ::1 at 2023-02-24 13:58:39 -0500
  [1m[35m (172.1ms)[0m  [1m[35mCREATE DATABASE "reddit_clone_development" ENCODING = 'unicode'[0m
  [1m[35m (71.3ms)[0m  [1m[35mCREATE DATABASE "reddit_clone_test" ENCODING = 'unicode'[0m
  [1m[35m (15.1ms)[0m  [1m[35mCREATE TABLE "schema_migrations" ("version" character varying NOT NULL PRIMARY KEY)[0m
  [1m[35m (6.2ms)[0m  [1m[35mCREATE TABLE "ar_internal_metadata" ("key" character varying NOT NULL PRIMARY KEY, "value" character varying, "created_at" timestamp(6) NOT NULL, "updated_at" timestamp(6) NOT NULL)[0m
  [1m[35m (0.4ms)[0m  [1m[34mSELECT pg_try_advisory_lock(688274183373989625)[0m
  [1m[36mActiveRecord::SchemaMigration Pluck (0.5ms)[0m  [1m[34mSELECT "schema_migrations"."version" FROM "schema_migrations" ORDER BY "schema_migrations"."version" ASC[0m
Migrating to CreateUsers (20230224153834)
  [1m[36mTRANSACTION (0.4ms)[0m  [1m[35mBEGIN[0m
  [1m[35m (6.7ms)[0m  [1m[35mCREATE TABLE "users" ("id" bigserial primary key, "username" character varying NOT NULL, "password_digest" character varying NOT NULL, "session_token" character varying NOT NULL, "created_at" timestamp(6) NOT NULL, "updated_at" timestamp(6) NOT NULL)[0m
  [1m[35m (2.7ms)[0m  [1m[35mCREATE UNIQUE INDEX "index_users_on_session_token" ON "users" ("session_token")[0m
  [1m[35m (2.8ms)[0m  [1m[35mCREATE UNIQUE INDEX "index_users_on_username" ON "users" ("username")[0m
  [1m[36mActiveRecord::SchemaMigration Create (0.8ms)[0m  [1m[32mINSERT INTO "schema_migrations" ("version") VALUES ($1) RETURNING "version"[0m  [["version", "20230224153834"]]
  [1m[36mTRANSACTION (1.3ms)[0m  [1m[35mCOMMIT[0m
  [1m[36mActiveRecord::InternalMetadata Load (0.4ms)[0m  [1m[34mSELECT "ar_internal_metadata".* FROM "ar_internal_metadata" WHERE "ar_internal_metadata"."key" = $1 LIMIT $2[0m  [["key", "environment"], ["LIMIT", 1]]
  [1m[36mTRANSACTION (0.2ms)[0m  [1m[35mBEGIN[0m
  [1m[36mActiveRecord::InternalMetadata Create (0.8ms)[0m  [1m[32mINSERT INTO "ar_internal_metadata" ("key", "value", "created_at", "updated_at") VALUES ($1, $2, $3, $4) RETURNING "key"[0m  [["key", "environment"], ["value", "development"], ["created_at", "2023-02-24 18:59:10.944071"], ["updated_at", "2023-02-24 18:59:10.944071"]]
  [1m[36mTRANSACTION (0.9ms)[0m  [1m[35mCOMMIT[0m
  [1m[35m (0.6ms)[0m  [1m[34mSELECT pg_advisory_unlock(688274183373989625)[0m
  [1m[36mActiveRecord::SchemaMigration Pluck (0.7ms)[0m  [1m[34mSELECT "schema_migrations"."version" FROM "schema_migrations" ORDER BY "schema_migrations"."version" ASC[0m
Started GET "/users" for ::1 at 2023-02-24 13:59:19 -0500
  [1m[36mActiveRecord::SchemaMigration Pluck (0.5ms)[0m  [1m[34mSELECT "schema_migrations"."version" FROM "schema_migrations" ORDER BY "schema_migrations"."version" ASC[0m
Processing by UsersController#index as HTML
  Rendering layout layouts/application.html.erb
  Rendering users/index.html.erb within layouts/application
  [1m[36mUser Load (0.7ms)[0m  [1m[34mSELECT "users".* FROM "users"[0m
  ↳ app/views/users/index.html.erb:4
  Rendered users/index.html.erb within layouts/application (Duration: 24.0ms | Allocations: 1199)
  [1m[36mUser Load (0.2ms)[0m  [1m[34mSELECT "users".* FROM "users" WHERE "users"."session_token" IS NULL LIMIT $1[0m  [["LIMIT", 1]]
  ↳ app/controllers/application_controller.rb:5:in `current_user'
  Rendered layout layouts/application.html.erb (Duration: 1027.6ms | Allocations: 12174)
Completed 200 OK in 1217ms (Views: 1154.9ms | ActiveRecord: 2.3ms | Allocations: 15532)


Started GET "/users" for ::1 at 2023-02-24 14:23:42 -0500
Processing by UsersController#index as HTML
  Rendering layout layouts/application.html.erb
  Rendering users/index.html.erb within layouts/application
  [1m[36mUser Load (1.5ms)[0m  [1m[34mSELECT "users".* FROM "users"[0m
  ↳ app/views/users/index.html.erb:4
  Rendered users/index.html.erb within layouts/application (Duration: 58.7ms | Allocations: 3704)
  [1m[36mUser Load (0.4ms)[0m  [1m[34mSELECT "users".* FROM "users" WHERE "users"."session_token" IS NULL LIMIT $1[0m  [["LIMIT", 1]]
  ↳ app/controllers/application_controller.rb:5:in `current_user'
  Rendered layout layouts/application.html.erb (Duration: 160.0ms | Allocations: 6829)
Completed 200 OK in 261ms (Views: 189.4ms | ActiveRecord: 29.6ms | Allocations: 8560)


Started GET "/users" for ::1 at 2023-02-24 14:23:50 -0500
Processing by UsersController#index as HTML
  Rendering layout layouts/application.html.erb
  Rendering users/index.html.erb within layouts/application
  [1m[36mUser Load (0.7ms)[0m  [1m[34mSELECT "users".* FROM "users"[0m
  ↳ app/views/users/index.html.erb:4
  Rendered users/index.html.erb within layouts/application (Duration: 4.0ms | Allocations: 557)
  [1m[36mUser Load (0.4ms)[0m  [1m[34mSELECT "users".* FROM "users" WHERE "users"."session_token" IS NULL LIMIT $1[0m  [["LIMIT", 1]]
  ↳ app/controllers/application_controller.rb:5:in `current_user'
  Rendered layout layouts/application.html.erb (Duration: 89.8ms | Allocations: 2831)
Completed 200 OK in 92ms (Views: 90.9ms | ActiveRecord: 1.1ms | Allocations: 3075)


Started GET "/users" for ::1 at 2023-02-24 14:23:53 -0500
Processing by UsersController#index as HTML
  Rendering layout layouts/application.html.erb
  Rendering users/index.html.erb within layouts/application
  [1m[36mUser Load (0.3ms)[0m  [1m[34mSELECT "users".* FROM "users"[0m
  ↳ app/views/users/index.html.erb:4
  Rendered users/index.html.erb within layouts/application (Duration: 3.1ms | Allocations: 549)
  [1m[36mUser Load (0.4ms)[0m  [1m[34mSELECT "users".* FROM "users" WHERE "users"."session_token" IS NULL LIMIT $1[0m  [["LIMIT", 1]]
  ↳ app/controllers/application_controller.rb:5:in `current_user'
  Rendered layout layouts/application.html.erb (Duration: 83.1ms | Allocations: 2827)
Completed 200 OK in 85ms (Views: 84.4ms | ActiveRecord: 0.7ms | Allocations: 3044)


Started GET "/session/new" for ::1 at 2023-02-24 14:25:14 -0500
Processing by SessionsController#new as HTML
  Rendering layout layouts/application.html.erb
  Rendering sessions/new.html.erb within layouts/application
  Rendered sessions/new.html.erb within layouts/application (Duration: 42.2ms | Allocations: 6009)
  Rendered layout layouts/application.html.erb (Duration: 44.0ms | Allocations: 6106)
Completed 500 Internal Server Error in 105ms (ActiveRecord: 11.8ms | Allocations: 10710)



NameError - undefined local variable or method `form_authentication_token' for #<ActionView::Base:0x00000000005988>
Did you mean?  form_authenticity_token:
  app/views/sessions/new.html.erb:5
  app/controllers/sessions_controller.rb:7:in `new'

Started POST "/__better_errors/7943f7f29ab735c2/variables" for ::1 at 2023-02-24 14:25:15 -0500
Started GET "/session/new" for ::1 at 2023-02-24 14:26:00 -0500
Processing by SessionsController#new as HTML
  Rendering layout layouts/application.html.erb
  Rendering sessions/new.html.erb within layouts/application
  Rendered sessions/new.html.erb within layouts/application (Duration: 8.2ms | Allocations: 651)
  [1m[36mUser Load (0.3ms)[0m  [1m[34mSELECT "users".* FROM "users" WHERE "users"."session_token" IS NULL LIMIT $1[0m  [["LIMIT", 1]]
  ↳ app/controllers/application_controller.rb:5:in `current_user'
  Rendered layout layouts/application.html.erb (Duration: 97.0ms | Allocations: 3161)
Completed 200 OK in 126ms (Views: 125.3ms | ActiveRecord: 0.3ms | Allocations: 3906)


